<?xml version="1.0" encoding="UTF-8"?>
<!-- Generated by org.testng.reporters.JUnitReportReporter -->
<testsuite skipped="1" hostname="Khems-PC" name="excel.DDTExcel" tests="1" failures="0" timestamp="21 May 2019 07:26:50 GMT" time="0.000" errors="0">
  <testcase name="DemoProject" time="0.000" classname="excel.DDTExcel">
    <skipped/>
  </testcase> <!-- DemoProject -->
</testsuite> <!-- excel.DDTExcel -->
